Determining if the pthread_create exist failed with the following output:
Change Dir: /home/aleqsandr/Bureau/DungeonMaster/build/CMakeFiles/CMakeTmp

Run Build Command:"/usr/bin/make" "cmTryCompileExec3073689641/fast"
/usr/bin/make -f CMakeFiles/cmTryCompileExec3073689641.dir/build.make CMakeFiles/cmTryCompileExec3073689641.dir/build
make[1]: Entering directory '/home/aleqsandr/Bureau/DungeonMaster/build/CMakeFiles/CMakeTmp'
/usr/bin/cmake -E cmake_progress_report /home/aleqsandr/Bureau/DungeonMaster/build/CMakeFiles/CMakeTmp/CMakeFiles 1
Building C object CMakeFiles/cmTryCompileExec3073689641.dir/CheckSymbolExists.c.o
/usr/bin/cc    -o CMakeFiles/cmTryCompileExec3073689641.dir/CheckSymbolExists.c.o   -c /home/aleqsandr/Bureau/DungeonMaster/build/CMakeFiles/CMakeTmp/CheckSymbolExists.c
Linking C executable cmTryCompileExec3073689641
/usr/bin/cmake -E cmake_link_script CMakeFiles/cmTryCompileExec3073689641.dir/link.txt --verbose=1
/usr/bin/cc       CMakeFiles/cmTryCompileExec3073689641.dir/CheckSymbolExists.c.o  -o cmTryCompileExec3073689641 -rdynamic 
CMakeFiles/cmTryCompileExec3073689641.dir/CheckSymbolExists.c.o: dans la fonction « main »:
CheckSymbolExists.c:(.text+0x16): référence indéfinie vers « pthread_create »
collect2: error: ld returned 1 exit status
CMakeFiles/cmTryCompileExec3073689641.dir/build.make:88: recipe for target 'cmTryCompileExec3073689641' failed
make[1]: *** [cmTryCompileExec3073689641] Error 1
make[1]: Leaving directory '/home/aleqsandr/Bureau/DungeonMaster/build/CMakeFiles/CMakeTmp'
Makefile:117: recipe for target 'cmTryCompileExec3073689641/fast' failed
make: *** [cmTryCompileExec3073689641/fast] Error 2

File /home/aleqsandr/Bureau/DungeonMaster/build/CMakeFiles/CMakeTmp/CheckSymbolExists.c:
/* */
#include <pthread.h>

int main(int argc, char** argv)
{
  (void)argv;
#ifndef pthread_create
  return ((int*)(&pthread_create))[argc];
#else
  (void)argc;
  return 0;
#endif
}

Determining if the function pthread_create exists in the pthreads failed with the following output:
Change Dir: /home/aleqsandr/Bureau/DungeonMaster/build/CMakeFiles/CMakeTmp

Run Build Command:"/usr/bin/make" "cmTryCompileExec1894820965/fast"
/usr/bin/make -f CMakeFiles/cmTryCompileExec1894820965.dir/build.make CMakeFiles/cmTryCompileExec1894820965.dir/build
make[1]: Entering directory '/home/aleqsandr/Bureau/DungeonMaster/build/CMakeFiles/CMakeTmp'
/usr/bin/cmake -E cmake_progress_report /home/aleqsandr/Bureau/DungeonMaster/build/CMakeFiles/CMakeTmp/CMakeFiles 1
Building C object CMakeFiles/cmTryCompileExec1894820965.dir/CheckFunctionExists.c.o
/usr/bin/cc   -DCHECK_FUNCTION_EXISTS=pthread_create   -o CMakeFiles/cmTryCompileExec1894820965.dir/CheckFunctionExists.c.o   -c /usr/share/cmake-3.2/Modules/CheckFunctionExists.c
Linking C executable cmTryCompileExec1894820965
/usr/bin/cmake -E cmake_link_script CMakeFiles/cmTryCompileExec1894820965.dir/link.txt --verbose=1
/usr/bin/cc   -DCHECK_FUNCTION_EXISTS=pthread_create    CMakeFiles/cmTryCompileExec1894820965.dir/CheckFunctionExists.c.o  -o cmTryCompileExec1894820965 -rdynamic -lpthreads 
/usr/bin/ld: ne peut trouver -lpthreads
collect2: error: ld returned 1 exit status
CMakeFiles/cmTryCompileExec1894820965.dir/build.make:88: recipe for target 'cmTryCompileExec1894820965' failed
make[1]: *** [cmTryCompileExec1894820965] Error 1
make[1]: Leaving directory '/home/aleqsandr/Bureau/DungeonMaster/build/CMakeFiles/CMakeTmp'
Makefile:117: recipe for target 'cmTryCompileExec1894820965/fast' failed
make: *** [cmTryCompileExec1894820965/fast] Error 2


